"../../Plugins/2D/Paper2D/Content/PlaceholderTextures/DummySpriteTexture.uasset" 0
"../../Plugins/2D/Paper2D/Content/DummySpriteTexture.uasset" 1
"D:/WORK/UE/Metamorphose/Content/DefaultSpriteMaterial.uasset" 2
"D:/WORK/UE/Metamorphose/Content/DummySpriteTexture.uasset" 3
"../../Plugins/2D/Paper2D/Content/DefaultSpriteMaterial.uasset" 4
"D:/WORK/UE/Metamorphose/Content/TranslucentUnlitSpriteMaterial.uasset" 5
"D:/WORK/UE/Metamorphose/Content/PlaceholderTextures/DummySpriteTexture.uasset" 6
"D:/WORK/UE/Metamorphose/Content/StarterContent/Materials/M_Basic_Floor.uasset" 7
"D:/WORK/UE/Metamorphose/Content/StarterContent/Architecture/Floor_400x400.uasset" 8
"D:/WORK/UE/Metamorphose/Content/StarterContent/Materials/M_Basic_Wall.uasset" 9
"D:/WORK/UE/Metamorphose/Content/StarterContent/Architecture/Pillar_50x500.uasset" 10
"D:/WORK/UE/Metamorphose/Content/StarterContent/Materials/M_AssetPlatform.uasset" 11
"D:/WORK/UE/Metamorphose/Content/StarterContent/Architecture/SM_AssetPlatform.uasset" 12
"D:/WORK/UE/Metamorphose/Content/StarterContent/Architecture/Wall_400x200.uasset" 13
"D:/WORK/UE/Metamorphose/Content/StarterContent/Architecture/Wall_400x300.uasset" 14
"D:/WORK/UE/Metamorphose/Content/StarterContent/Architecture/Wall_400x400.uasset" 15
"D:/WORK/UE/Metamorphose/Content/StarterContent/Architecture/Wall_500x500.uasset" 16
"D:/WORK/UE/Metamorphose/Content/StarterContent/Architecture/Wall_Door_400x300.uasset" 17
"D:/WORK/UE/Metamorphose/Content/StarterContent/Architecture/Wall_Door_400x400.uasset" 18
"D:/WORK/UE/Metamorphose/Content/StarterContent/Architecture/Wall_Window_400x300.uasset" 19
"D:/WORK/UE/Metamorphose/Content/StarterContent/Architecture/Wall_Window_400x400.uasset" 20
"D:/WORK/UE/Metamorphose/Content/StarterContent/Audio/Collapse01.uasset" 21
"D:/WORK/UE/Metamorphose/Content/StarterContent/Audio/Collapse02.uasset" 22
"D:/WORK/UE/Metamorphose/Content/StarterContent/Audio/Collapse_Cue.uasset" 23
"D:/WORK/UE/Metamorphose/Content/StarterContent/Audio/Explosion01.uasset" 24
"D:/WORK/UE/Metamorphose/Content/StarterContent/Audio/Explosion02.uasset" 25
"D:/WORK/UE/Metamorphose/Content/StarterContent/Audio/Explosion_Cue.uasset" 26
"D:/WORK/UE/Metamorphose/Content/StarterContent/Audio/Fire01.uasset" 27
"D:/WORK/UE/Metamorphose/Content/StarterContent/Audio/Fire01_Cue.uasset" 28
"D:/WORK/UE/Metamorphose/Content/StarterContent/Audio/Fire_Sparks01.uasset" 29
"D:/WORK/UE/Metamorphose/Content/StarterContent/Audio/Fire_Sparks01_Cue.uasset" 30
"D:/WORK/UE/Metamorphose/Content/StarterContent/Audio/Light01.uasset" 31
"D:/WORK/UE/Metamorphose/Content/StarterContent/Audio/Light01_Cue.uasset" 32
"D:/WORK/UE/Metamorphose/Content/StarterContent/Audio/Light02.uasset" 33
"D:/WORK/UE/Metamorphose/Content/StarterContent/Audio/Light02_Cue.uasset" 34
"D:/WORK/UE/Metamorphose/Content/StarterContent/Audio/Smoke01.uasset" 35
"D:/WORK/UE/Metamorphose/Content/StarterContent/Audio/Smoke01_Cue.uasset" 36
"D:/WORK/UE/Metamorphose/Content/StarterContent/Audio/Starter_Birds01.uasset" 37
"D:/WORK/UE/Metamorphose/Content/StarterContent/Audio/Starter_Wind05.uasset" 38
"D:/WORK/UE/Metamorphose/Content/StarterContent/Audio/Starter_Wind06.uasset" 39
"D:/WORK/UE/Metamorphose/Content/StarterContent/Audio/Starter_Background_Cue.uasset" 40
"D:/WORK/UE/Metamorphose/Content/StarterContent/Audio/Starter_Music01.uasset" 41
"D:/WORK/UE/Metamorphose/Content/StarterContent/Audio/Starter_Music_Cue.uasset" 42
"D:/WORK/UE/Metamorphose/Content/StarterContent/Audio/Steam01.uasset" 43
"D:/WORK/UE/Metamorphose/Content/StarterContent/Audio/Steam01_Cue.uasset" 44
"D:/WORK/UE/Metamorphose/Content/_old/StarterContent/Blueprints/Blueprint_CeilingLight.uasset" 45
"D:/WORK/UE/Metamorphose/Content/StarterContent/Blueprints/Blueprint_CeilingLight.uasset" 46
"D:/WORK/UE/Metamorphose/Content/_old/StarterContent/Blueprints/Blueprint_Effect_Explosion.uasset" 47
"D:/WORK/UE/Metamorphose/Content/StarterContent/Blueprints/Blueprint_Effect_Explosion.uasset" 48
"D:/WORK/UE/Metamorphose/Content/_old/StarterContent/Blueprints/Blueprint_Effect_Fire.uasset" 49
"D:/WORK/UE/Metamorphose/Content/StarterContent/Blueprints/Blueprint_Effect_Fire.uasset" 50
"D:/WORK/UE/Metamorphose/Content/_old/StarterContent/Blueprints/Blueprint_Effect_Smoke.uasset" 51
"D:/WORK/UE/Metamorphose/Content/StarterContent/Blueprints/Blueprint_Effect_Smoke.uasset" 52
"D:/WORK/UE/Metamorphose/Content/_old/StarterContent/Blueprints/Blueprint_Effect_Sparks.uasset" 53
"D:/WORK/UE/Metamorphose/Content/StarterContent/Blueprints/Blueprint_Effect_Sparks.uasset" 54
"D:/WORK/UE/Metamorphose/Content/_old/StarterContent/Blueprints/Blueprint_Effect_Steam.uasset" 55
"D:/WORK/UE/Metamorphose/Content/StarterContent/Blueprints/Blueprint_Effect_Steam.uasset" 56
"D:/WORK/UE/Metamorphose/Content/_old/StarterContent/Blueprints/Blueprint_WallSconce.uasset" 57
"D:/WORK/UE/Metamorphose/Content/StarterContent/Blueprints/Blueprint_WallSconce.uasset" 58
"D:/WORK/UE/Metamorphose/Content/_old/StarterContent/Blueprints/BP_LightStudio.uasset" 59
"D:/WORK/UE/Metamorphose/Content/StarterContent/Blueprints/BP_LightStudio.uasset" 60
"D:/WORK/UE/Metamorphose/Content/StarterContent/Blueprints/Assets/FogBrightnessLUT.uasset" 61
"D:/WORK/UE/Metamorphose/Content/StarterContent/Blueprints/Assets/M_LightStage_Arrows.uasset" 62
"../../../Engine/Content/MapTemplates/Sky/DaylightAmbientCubemap.uasset" 63
"D:/WORK/UE/Metamorphose/Content/StarterContent/Blueprints/Assets/M_LightStage_Skybox_Master.uasset" 64
"D:/WORK/UE/Metamorphose/Content/StarterContent/Blueprints/Assets/M_LightStage_Skybox_Black.uasset" 65
"D:/WORK/UE/Metamorphose/Content/StarterContent/Blueprints/Assets/M_LightStage_Skybox_HDRI.uasset" 66
"../../../Engine/Content/EditorMaterials/Thumbnails/SkySphereMaterial.uasset" 67
"D:/WORK/UE/Metamorphose/Content/StarterContent/Blueprints/Assets/Skybox.uasset" 68
"../../../Engine/Content/Functions/Engine_MaterialFunctions01/Opacity/CameraDepthFade.uasset" 69
"../../../Engine/Content/EngineMaterials/T_Default_Material_Grid_M.uasset" 70
"../../../Engine/Content/EngineMaterials/T_Default_Material_Grid_N.uasset" 71
"../../../Engine/Content/EngineMaterials/WorldGridMaterial.uasset" 72
"D:/WORK/UE/Metamorphose/Content/StarterContent/Blueprints/Assets/SM_Arrows.uasset" 73
"D:/WORK/UE/Metamorphose/Content/StarterContent/Blueprints/Assets/SunlightColorLUT.uasset" 74
"D:/WORK/UE/Metamorphose/Content/StarterContent/HDRI/HDRI_Epic_Courtyard_Daylight.uasset" 75
"D:/WORK/UE/Metamorphose/Content/StarterContent/Maps/Advanced_Lighting.uasset" 76
"D:/WORK/UE/Metamorphose/Content/StarterContent/Maps/Advanced_Lighting_BuiltData.uasset" 77
"D:/WORK/UE/Metamorphose/Content/StarterContent/Maps/Minimal_Default.uasset" 78
"D:/WORK/UE/Metamorphose/Content/StarterContent/Maps/Minimal_Default_BuiltData.uasset" 79
"D:/WORK/UE/Metamorphose/Content/StarterContent/Maps/StarterMap.uasset" 80
"D:/WORK/UE/Metamorphose/Content/StarterContent/Maps/StarterMap_BuiltData.uasset" 81
"D:/WORK/UE/Metamorphose/Content/StarterContent/Textures/T_Brick_Clay_Beveled_D.uasset" 82
"D:/WORK/UE/Metamorphose/Content/StarterContent/Textures/T_Brick_Clay_Beveled_M.uasset" 83
"D:/WORK/UE/Metamorphose/Content/StarterContent/Textures/T_Brick_Clay_Beveled_N.uasset" 84
"D:/WORK/UE/Metamorphose/Content/StarterContent/Textures/T_MacroVariation.uasset" 85
"D:/WORK/UE/Metamorphose/Content/StarterContent/Materials/M_Brick_Clay_Beveled.uasset" 86
"D:/WORK/UE/Metamorphose/Content/StarterContent/Textures/T_Brick_Clay_New_D.uasset" 87
"D:/WORK/UE/Metamorphose/Content/StarterContent/Textures/T_Brick_Clay_New_M.uasset" 88
"D:/WORK/UE/Metamorphose/Content/StarterContent/Textures/T_Brick_Clay_New_N.uasset" 89
"D:/WORK/UE/Metamorphose/Content/StarterContent/Textures/T_Detail_Rocky_N.uasset" 90
"D:/WORK/UE/Metamorphose/Content/StarterContent/Materials/M_Brick_Clay_New.uasset" 91
"D:/WORK/UE/Metamorphose/Content/StarterContent/Textures/T_Brick_Clay_Old_D.uasset" 92
"D:/WORK/UE/Metamorphose/Content/StarterContent/Textures/T_Brick_Clay_Old_N.uasset" 93
"D:/WORK/UE/Metamorphose/Content/StarterContent/Textures/T_Perlin_Noise_M.uasset" 94
"D:/WORK/UE/Metamorphose/Content/StarterContent/Materials/M_Brick_Clay_Old.uasset" 95
"D:/WORK/UE/Metamorphose/Content/StarterContent/Textures/T_Brick_Cut_Stone_D.uasset" 96
"D:/WORK/UE/Metamorphose/Content/StarterContent/Textures/T_Brick_Cut_Stone_N.uasset" 97
"D:/WORK/UE/Metamorphose/Content/StarterContent/Materials/M_Brick_Cut_Stone.uasset" 98
"D:/WORK/UE/Metamorphose/Content/StarterContent/Textures/T_Brick_Hewn_Stone_D.uasset" 99
"D:/WORK/UE/Metamorphose/Content/StarterContent/Textures/T_Brick_Hewn_Stone_M.uasset" 100
"D:/WORK/UE/Metamorphose/Content/StarterContent/Textures/T_Brick_Hewn_Stone_N.uasset" 101
"D:/WORK/UE/Metamorphose/Content/StarterContent/Materials/M_Brick_Hewn_Stone.uasset" 102
"D:/WORK/UE/Metamorphose/Content/StarterContent/Textures/T_Ceramic_Tile_M.uasset" 103
"D:/WORK/UE/Metamorphose/Content/StarterContent/Textures/T_Ceramic_Tile_N.uasset" 104
"D:/WORK/UE/Metamorphose/Content/StarterContent/Textures/T_Rock_Marble_Polished_D.uasset" 105
"D:/WORK/UE/Metamorphose/Content/StarterContent/Materials/M_Ceramic_Tile_Checker.uasset" 106
"D:/WORK/UE/Metamorphose/Content/StarterContent/Textures/T_CobbleStone_Pebble_D.uasset" 107
"D:/WORK/UE/Metamorphose/Content/StarterContent/Textures/T_CobbleStone_Pebble_M.uasset" 108
"D:/WORK/UE/Metamorphose/Content/StarterContent/Textures/T_CobbleStone_Pebble_N.uasset" 109
"D:/WORK/UE/Metamorphose/Content/StarterContent/Materials/M_CobbleStone_Pebble.uasset" 110
"D:/WORK/UE/Metamorphose/Content/StarterContent/Textures/T_CobbleStone_Rough_D.uasset" 111
"D:/WORK/UE/Metamorphose/Content/StarterContent/Textures/T_CobbleStone_Rough_N.uasset" 112
"D:/WORK/UE/Metamorphose/Content/StarterContent/Textures/T_Gradinet_01.uasset" 113
"D:/WORK/UE/Metamorphose/Content/StarterContent/Textures/T_Rock_Smooth_Granite_D.uasset" 114
"D:/WORK/UE/Metamorphose/Content/StarterContent/Materials/M_CobbleStone_Rough.uasset" 115
"D:/WORK/UE/Metamorphose/Content/StarterContent/Textures/T_CobbleStone_Smooth_D.uasset" 116
"D:/WORK/UE/Metamorphose/Content/StarterContent/Textures/T_CobbleStone_Smooth_M.uasset" 117
"D:/WORK/UE/Metamorphose/Content/StarterContent/Textures/T_CobbleStone_Smooth_N.uasset" 118
"D:/WORK/UE/Metamorphose/Content/StarterContent/Materials/M_CobbleStone_Smooth.uasset" 119
"../../../Engine/Content/EditorMeshes/ColorCalibrator/T_ColorGrid.uasset" 120
"D:/WORK/UE/Metamorphose/Content/StarterContent/Materials/M_ColorGrid_LowSpec.uasset" 121
"D:/WORK/UE/Metamorphose/Content/StarterContent/Textures/T_Concrete_Grime_D.uasset" 122
"D:/WORK/UE/Metamorphose/Content/StarterContent/Textures/T_Metal_Rust_N.uasset" 123
"D:/WORK/UE/Metamorphose/Content/StarterContent/Materials/M_Concrete_Grime.uasset" 124
"D:/WORK/UE/Metamorphose/Content/StarterContent/Textures/T_Concrete_Panels_D.uasset" 125
"D:/WORK/UE/Metamorphose/Content/StarterContent/Textures/T_Concrete_Panels_N.uasset" 126
"D:/WORK/UE/Metamorphose/Content/StarterContent/Materials/M_Concrete_Panels.uasset" 127
"D:/WORK/UE/Metamorphose/Content/StarterContent/Textures/T_Concrete_Poured_D.uasset" 128
"D:/WORK/UE/Metamorphose/Content/StarterContent/Textures/T_Concrete_Poured_N.uasset" 129
"D:/WORK/UE/Metamorphose/Content/StarterContent/Materials/M_Concrete_Poured.uasset" 130
"D:/WORK/UE/Metamorphose/Content/StarterContent/Textures/T_Concrete_Tiles_D.uasset" 131
"D:/WORK/UE/Metamorphose/Content/StarterContent/Textures/T_Concrete_Tiles_M.uasset" 132
"D:/WORK/UE/Metamorphose/Content/StarterContent/Textures/T_Concrete_Tiles_N.uasset" 133
"D:/WORK/UE/Metamorphose/Content/StarterContent/Textures/T_Concrete_Tiles_Variation_M.uasset" 134
"D:/WORK/UE/Metamorphose/Content/StarterContent/Materials/M_Concrete_Tiles.uasset" 135
"D:/WORK/UE/Metamorphose/Content/StarterContent/Textures/T_Ground_Grass_D.uasset" 136
"D:/WORK/UE/Metamorphose/Content/StarterContent/Textures/T_Ground_Grass_N.uasset" 137
"D:/WORK/UE/Metamorphose/Content/StarterContent/Materials/M_Ground_Grass.uasset" 138
"D:/WORK/UE/Metamorphose/Content/StarterContent/Textures/T_Ground_Gravel_D.uasset" 139
"D:/WORK/UE/Metamorphose/Content/StarterContent/Textures/T_Ground_Gravel_N.uasset" 140
"D:/WORK/UE/Metamorphose/Content/StarterContent/Materials/M_Ground_Gravel.uasset" 141
"D:/WORK/UE/Metamorphose/Content/StarterContent/Textures/T_ground_Moss_D.uasset" 142
"D:/WORK/UE/Metamorphose/Content/StarterContent/Textures/T_Ground_Moss_N.uasset" 143
"D:/WORK/UE/Metamorphose/Content/StarterContent/Materials/M_Ground_Moss.uasset" 144
"D:/WORK/UE/Metamorphose/Content/StarterContent/Materials/M_Metal_Brushed_Nickel.uasset" 145
"D:/WORK/UE/Metamorphose/Content/StarterContent/Textures/T_Metal_Aluminum_D.uasset" 146
"D:/WORK/UE/Metamorphose/Content/StarterContent/Textures/T_Metal_Gold_N.uasset" 147
"D:/WORK/UE/Metamorphose/Content/StarterContent/Materials/M_Metal_Burnished_Steel.uasset" 148
"D:/WORK/UE/Metamorphose/Content/StarterContent/Materials/M_Metal_Chrome.uasset" 149
"D:/WORK/UE/Metamorphose/Content/StarterContent/Textures/T_Metal_Copper_D.uasset" 150
"D:/WORK/UE/Metamorphose/Content/StarterContent/Materials/M_Metal_Copper.uasset" 151
"D:/WORK/UE/Metamorphose/Content/StarterContent/Textures/T_Metal_Gold_D.uasset" 152
"D:/WORK/UE/Metamorphose/Content/StarterContent/Materials/M_Metal_Gold.uasset" 153
"../../../Engine/Content/Functions/Engine_MaterialFunctions02/Utility/BlendAngleCorrectedNormals.uasset" 154
"D:/WORK/UE/Metamorphose/Content/StarterContent/Textures/T_Metal_Rust_D.uasset" 155
"D:/WORK/UE/Metamorphose/Content/StarterContent/Materials/M_Metal_Rust.uasset" 156
"D:/WORK/UE/Metamorphose/Content/StarterContent/Textures/T_Metal_Steel_D.uasset" 157
"D:/WORK/UE/Metamorphose/Content/StarterContent/Textures/T_Metal_Steel_N.uasset" 158
"D:/WORK/UE/Metamorphose/Content/StarterContent/Materials/M_Metal_Steel.uasset" 159
"D:/WORK/UE/Metamorphose/Content/StarterContent/Textures/T_Rock_Basalt_D.uasset" 160
"D:/WORK/UE/Metamorphose/Content/StarterContent/Textures/T_Rock_Basalt_N.uasset" 161
"D:/WORK/UE/Metamorphose/Content/StarterContent/Materials/M_Rock_Basalt.uasset" 162
"D:/WORK/UE/Metamorphose/Content/StarterContent/Materials/M_Rock_Marble_Polished.uasset" 163
"D:/WORK/UE/Metamorphose/Content/StarterContent/Textures/T_Rock_Sandstone_D.uasset" 164
"D:/WORK/UE/Metamorphose/Content/StarterContent/Textures/T_Rock_Sandstone_N.uasset" 165
"D:/WORK/UE/Metamorphose/Content/StarterContent/Materials/M_Rock_Sandstone.uasset" 166
"D:/WORK/UE/Metamorphose/Content/StarterContent/Textures/T_Rock_Slate_D.uasset" 167
"D:/WORK/UE/Metamorphose/Content/StarterContent/Textures/T_Rock_Slate_N.uasset" 168
"D:/WORK/UE/Metamorphose/Content/StarterContent/Materials/M_Rock_Slate.uasset" 169
"D:/WORK/UE/Metamorphose/Content/StarterContent/Textures/T_Checker_Noise_M.uasset" 170
"D:/WORK/UE/Metamorphose/Content/StarterContent/Textures/T_Single_Tile_N.uasset" 171
"D:/WORK/UE/Metamorphose/Content/StarterContent/Textures/T_Tech_Dot_M.uasset" 172
"D:/WORK/UE/Metamorphose/Content/StarterContent/Textures/T_Tech_Dot_N.uasset" 173
"D:/WORK/UE/Metamorphose/Content/StarterContent/Materials/M_Tech_Checker_Dot.uasset" 174
"D:/WORK/UE/Metamorphose/Content/StarterContent/Textures/T_Tech_Hex_Tile_M.uasset" 175
"D:/WORK/UE/Metamorphose/Content/StarterContent/Textures/T_Tech_Hex_Tile_N.uasset" 176
"D:/WORK/UE/Metamorphose/Content/StarterContent/Materials/M_Tech_Hex_Tile.uasset" 177
"D:/WORK/UE/Metamorphose/Content/StarterContent/Materials/M_Tech_Hex_Tile_Pulse.uasset" 178
"D:/WORK/UE/Metamorphose/Content/StarterContent/Textures/T_Tech_Panel_M.uasset" 179
"D:/WORK/UE/Metamorphose/Content/StarterContent/Textures/T_Tech_Panel_N.uasset" 180
"D:/WORK/UE/Metamorphose/Content/StarterContent/Materials/M_Tech_Panel.uasset" 181
"D:/WORK/UE/Metamorphose/Content/StarterContent/Textures/T_Water_N.uasset" 182
"D:/WORK/UE/Metamorphose/Content/StarterContent/Materials/M_Water_Lake.uasset" 183
"D:/WORK/UE/Metamorphose/Content/StarterContent/Textures/T_Water_M.uasset" 184
"D:/WORK/UE/Metamorphose/Content/StarterContent/Materials/M_Water_Ocean.uasset" 185
"D:/WORK/UE/Metamorphose/Content/StarterContent/Textures/T_Wood_Floor_Walnut_D.uasset" 186
"D:/WORK/UE/Metamorphose/Content/StarterContent/Textures/T_Wood_Floor_Walnut_M.uasset" 187
"D:/WORK/UE/Metamorphose/Content/StarterContent/Textures/T_Wood_Floor_Walnut_N.uasset" 188
"D:/WORK/UE/Metamorphose/Content/StarterContent/Materials/M_Wood_Floor_Walnut_Polished.uasset" 189
"../../../Engine/Content/Functions/Engine_MaterialFunctions01/Opacity/AlphaOffset.uasset" 190
"D:/WORK/UE/Metamorphose/Content/StarterContent/Materials/M_Wood_Floor_Walnut_Worn.uasset" 191
"D:/WORK/UE/Metamorphose/Content/StarterContent/Textures/T_Wood_Oak_D.uasset" 192
"D:/WORK/UE/Metamorphose/Content/StarterContent/Textures/T_Wood_Oak_N.uasset" 193
"D:/WORK/UE/Metamorphose/Content/StarterContent/Materials/M_Wood_Oak.uasset" 194
"D:/WORK/UE/Metamorphose/Content/StarterContent/Textures/T_Wood_Pine_D.uasset" 195
"D:/WORK/UE/Metamorphose/Content/StarterContent/Textures/T_Wood_Pine_N.uasset" 196
"D:/WORK/UE/Metamorphose/Content/StarterContent/Materials/M_Wood_Pine.uasset" 197
"D:/WORK/UE/Metamorphose/Content/StarterContent/Textures/T_Wood_Walnut_D.uasset" 198
"D:/WORK/UE/Metamorphose/Content/StarterContent/Textures/T_Wood_Walnut_N.uasset" 199
"D:/WORK/UE/Metamorphose/Content/StarterContent/Materials/M_Wood_Walnut.uasset" 200
"D:/WORK/UE/Metamorphose/Content/StarterContent/Textures/T_Dust_Particle_D.uasset" 201
"D:/WORK/UE/Metamorphose/Content/StarterContent/Particles/Materials/M_Dust_Particle.uasset" 202
"D:/WORK/UE/Metamorphose/Content/StarterContent/Particles/P_Ambient_Dust.uasset" 203
"D:/WORK/UE/Metamorphose/Content/StarterContent/Textures/T_Burst_M.uasset" 204
"D:/WORK/UE/Metamorphose/Content/StarterContent/Particles/Materials/M_Burst.uasset" 205
"D:/WORK/UE/Metamorphose/Content/StarterContent/Textures/T_Explosion_SubUV.uasset" 206
"D:/WORK/UE/Metamorphose/Content/StarterContent/Particles/Materials/M_explosion_subUV.uasset" 207
"D:/WORK/UE/Metamorphose/Content/StarterContent/Particles/Materials/m_flare_01.uasset" 208
"../../../Engine/Content/Functions/Engine_MaterialFunctions01/Gradient/RadialGradient.uasset" 209
"D:/WORK/UE/Metamorphose/Content/StarterContent/Particles/Materials/M_radial_ramp.uasset" 210
"D:/WORK/UE/Metamorphose/Content/StarterContent/Textures/T_Smoke_SubUV.uasset" 211
"D:/WORK/UE/Metamorphose/Content/StarterContent/Textures/T_Smoke_Tiled_D.uasset" 212
"D:/WORK/UE/Metamorphose/Content/StarterContent/Particles/Materials/M_smoke_subUV.uasset" 213
"D:/WORK/UE/Metamorphose/Content/StarterContent/Particles/P_Explosion.uasset" 214
"D:/WORK/UE/Metamorphose/Content/StarterContent/Textures/T_Fire_SubUV.uasset" 215
"D:/WORK/UE/Metamorphose/Content/StarterContent/Textures/T_Fire_Tiled_D.uasset" 216
"D:/WORK/UE/Metamorphose/Content/StarterContent/Particles/Materials/M_Fire_SubUV.uasset" 217
"D:/WORK/UE/Metamorphose/Content/StarterContent/Particles/Materials/M_Heat_Distortion.uasset" 218
"D:/WORK/UE/Metamorphose/Content/StarterContent/Particles/Materials/M_Radial_Gradient.uasset" 219
"D:/WORK/UE/Metamorphose/Content/StarterContent/Particles/P_Fire.uasset" 220
"D:/WORK/UE/Metamorphose/Content/StarterContent/Particles/P_Smoke.uasset" 221
"D:/WORK/UE/Metamorphose/Content/StarterContent/Textures/T_Spark_Core.uasset" 222
"D:/WORK/UE/Metamorphose/Content/StarterContent/Particles/Materials/M_Spark.uasset" 223
"D:/WORK/UE/Metamorphose/Content/StarterContent/Particles/P_Sparks.uasset" 224
"D:/WORK/UE/Metamorphose/Content/StarterContent/Particles/P_Steam_Lit.uasset" 225
"D:/WORK/UE/Metamorphose/Content/StarterContent/Props/MaterialSphere.uasset" 226
"D:/WORK/UE/Metamorphose/Content/StarterContent/Textures/T_Bush_D.uasset" 227
"D:/WORK/UE/Metamorphose/Content/StarterContent/Textures/T_Bush_N.uasset" 228
"D:/WORK/UE/Metamorphose/Content/StarterContent/Props/Materials/M_Bush.uasset" 229
"D:/WORK/UE/Metamorphose/Content/StarterContent/Props/SM_Bush.uasset" 230
"D:/WORK/UE/Metamorphose/Content/StarterContent/Textures/T_Chair_M.uasset" 231
"D:/WORK/UE/Metamorphose/Content/StarterContent/Textures/T_Chair_N.uasset" 232
"D:/WORK/UE/Metamorphose/Content/StarterContent/Props/Materials/M_Chair.uasset" 233
"D:/WORK/UE/Metamorphose/Content/StarterContent/Props/SM_Chair.uasset" 234
"D:/WORK/UE/Metamorphose/Content/StarterContent/Textures/T_Frame_M.uasset" 235
"D:/WORK/UE/Metamorphose/Content/StarterContent/Textures/T_Frame_N.uasset" 236
"D:/WORK/UE/Metamorphose/Content/StarterContent/Props/Materials/M_Frame.uasset" 237
"D:/WORK/UE/Metamorphose/Content/StarterContent/Props/SM_CornerFrame.uasset" 238
"D:/WORK/UE/Metamorphose/Content/StarterContent/Props/SM_Couch.uasset" 239
"D:/WORK/UE/Metamorphose/Content/StarterContent/Materials/M_Glass.uasset" 240
"D:/WORK/UE/Metamorphose/Content/StarterContent/Textures/T_Door_M.uasset" 241
"D:/WORK/UE/Metamorphose/Content/StarterContent/Textures/T_Door_N.uasset" 242
"D:/WORK/UE/Metamorphose/Content/StarterContent/Props/Materials/M_Door.uasset" 243
"D:/WORK/UE/Metamorphose/Content/StarterContent/Props/SM_Door.uasset" 244
"D:/WORK/UE/Metamorphose/Content/StarterContent/Props/SM_DoorFrame.uasset" 245
"D:/WORK/UE/Metamorphose/Content/StarterContent/Props/SM_GlassWindow.uasset" 246
"D:/WORK/UE/Metamorphose/Content/StarterContent/Textures/T_Lamp_M.uasset" 247
"D:/WORK/UE/Metamorphose/Content/StarterContent/Textures/T_Lamp_N.uasset" 248
"D:/WORK/UE/Metamorphose/Content/StarterContent/Props/Materials/M_Lamp.uasset" 249
"D:/WORK/UE/Metamorphose/Content/StarterContent/Props/SM_Lamp_Ceiling.uasset" 250
"D:/WORK/UE/Metamorphose/Content/StarterContent/Props/SM_Lamp_Wall.uasset" 251
"D:/WORK/UE/Metamorphose/Content/StarterContent/Props/Materials/M_MaterialSphere.uasset" 252
"D:/WORK/UE/Metamorphose/Content/StarterContent/Props/Materials/M_MaterialSphere_Plain.uasset" 253
"D:/WORK/UE/Metamorphose/Content/StarterContent/Props/SM_MatPreviewMesh_02.uasset" 254
"D:/WORK/UE/Metamorphose/Content/StarterContent/Props/SM_PillarFrame.uasset" 255
"D:/WORK/UE/Metamorphose/Content/StarterContent/Props/SM_PillarFrame300.uasset" 256
"D:/WORK/UE/Metamorphose/Content/StarterContent/Textures/T_RockMesh_M.uasset" 257
"D:/WORK/UE/Metamorphose/Content/StarterContent/Textures/T_RockMesh_N.uasset" 258
"D:/WORK/UE/Metamorphose/Content/StarterContent/Props/Materials/M_Rock.uasset" 259
"D:/WORK/UE/Metamorphose/Content/StarterContent/Props/SM_Rock.uasset" 260
"D:/WORK/UE/Metamorphose/Content/StarterContent/Textures/T_Shelf_M.uasset" 261
"D:/WORK/UE/Metamorphose/Content/StarterContent/Textures/T_Shelf_N.uasset" 262
"D:/WORK/UE/Metamorphose/Content/StarterContent/Props/Materials/M_Shelf.uasset" 263
"D:/WORK/UE/Metamorphose/Content/StarterContent/Props/SM_Shelf.uasset" 264
"D:/WORK/UE/Metamorphose/Content/StarterContent/Props/SM_Stairs.uasset" 265
"D:/WORK/UE/Metamorphose/Content/StarterContent/Textures/T_Statue_M.uasset" 266
"D:/WORK/UE/Metamorphose/Content/StarterContent/Textures/T_Statue_N.uasset" 267
"D:/WORK/UE/Metamorphose/Content/StarterContent/Props/Materials/M_Statue.uasset" 268
"D:/WORK/UE/Metamorphose/Content/StarterContent/Props/Materials/M_StatueGlass.uasset" 269
"D:/WORK/UE/Metamorphose/Content/StarterContent/Props/SM_Statue.uasset" 270
"D:/WORK/UE/Metamorphose/Content/StarterContent/Textures/T_TableRound_M.uasset" 271
"D:/WORK/UE/Metamorphose/Content/StarterContent/Textures/T_TableRound_N.uasset" 272
"D:/WORK/UE/Metamorphose/Content/StarterContent/Props/Materials/M_TableRound.uasset" 273
"D:/WORK/UE/Metamorphose/Content/StarterContent/Props/SM_TableRound.uasset" 274
"D:/WORK/UE/Metamorphose/Content/StarterContent/Props/SM_WindowFrame.uasset" 275
"D:/WORK/UE/Metamorphose/Content/StarterContent/Shapes/Shape_Cone.uasset" 276
"D:/WORK/UE/Metamorphose/Content/StarterContent/Shapes/Shape_Cube.uasset" 277
"D:/WORK/UE/Metamorphose/Content/StarterContent/Shapes/Shape_Cylinder.uasset" 278
"D:/WORK/UE/Metamorphose/Content/StarterContent/Shapes/Shape_NarrowCapsule.uasset" 279
"D:/WORK/UE/Metamorphose/Content/StarterContent/Shapes/Shape_Pipe.uasset" 280
"D:/WORK/UE/Metamorphose/Content/StarterContent/Shapes/Shape_Pipe_180.uasset" 281
"D:/WORK/UE/Metamorphose/Content/StarterContent/Shapes/Shape_Pipe_90.uasset" 282
"D:/WORK/UE/Metamorphose/Content/StarterContent/Shapes/Shape_Plane.uasset" 283
"D:/WORK/UE/Metamorphose/Content/StarterContent/Shapes/Shape_QuadPyramid.uasset" 284
"D:/WORK/UE/Metamorphose/Content/StarterContent/Shapes/Shape_Sphere.uasset" 285
"D:/WORK/UE/Metamorphose/Content/StarterContent/Shapes/Shape_Torus.uasset" 286
"D:/WORK/UE/Metamorphose/Content/StarterContent/Shapes/Shape_Trim.uasset" 287
"D:/WORK/UE/Metamorphose/Content/StarterContent/Shapes/Shape_Trim_90_In.uasset" 288
"D:/WORK/UE/Metamorphose/Content/StarterContent/Shapes/Shape_Trim_90_Out.uasset" 289
"D:/WORK/UE/Metamorphose/Content/StarterContent/Shapes/Shape_TriPyramid.uasset" 290
"D:/WORK/UE/Metamorphose/Content/StarterContent/Shapes/Shape_Tube.uasset" 291
"D:/WORK/UE/Metamorphose/Content/StarterContent/Shapes/Shape_Wedge_A.uasset" 292
"D:/WORK/UE/Metamorphose/Content/StarterContent/Shapes/Shape_Wedge_B.uasset" 293
"D:/WORK/UE/Metamorphose/Content/StarterContent/Shapes/Shape_WideCapsule.uasset" 294
"../../../Engine/Content/EditorBlueprintResources/StandardMacros.uasset" 295
"../../Plugins/2D/Paper2D/Content/TranslucentUnlitSpriteMaterial.uasset" 296
"D:/WORK/UE/Metamorphose/Content/_CHAR/_HEROES/1_RABBIT/lapin_stand.uasset" 297
"D:/WORK/UE/Metamorphose/Content/_CHAR/_HEROES/1_RABBIT/lapin_stand_Sprite_0.uasset" 298
"D:/WORK/UE/Metamorphose/Content/_CHAR/_HEROES/1_RABBIT/RABBIT_Idle_flip.uasset" 299
"D:/WORK/UE/Metamorphose/Content/_CHAR/_HEROES/1_RABBIT/exlapin.uasset" 300
"D:/WORK/UE/Metamorphose/Content/_CHAR/_HEROES/1_RABBIT/exlapin_Sprite_0.uasset" 301
"D:/WORK/UE/Metamorphose/Content/_CHAR/_HEROES/1_RABBIT/exlapin_Sprite_1.uasset" 302
"D:/WORK/UE/Metamorphose/Content/_CHAR/_HEROES/1_RABBIT/exlapin_Sprite_18.uasset" 303
"D:/WORK/UE/Metamorphose/Content/_CHAR/_HEROES/1_RABBIT/exlapin_Sprite_20.uasset" 304
"D:/WORK/UE/Metamorphose/Content/_CHAR/_HEROES/1_RABBIT/RABBIT_Run_flip.uasset" 305
"D:/WORK/UE/Metamorphose/Content/_CHAR/_HEROES/FX_pop/textures/anim_popfx0000.uasset" 306
"D:/WORK/UE/Metamorphose/Content/_CHAR/_HEROES/FX_pop/textures/anim_popfx0000_Sprite_0.uasset" 307
"D:/WORK/UE/Metamorphose/Content/_CHAR/_HEROES/FX_pop/textures/anim_popfx0001.uasset" 308
"D:/WORK/UE/Metamorphose/Content/_CHAR/_HEROES/FX_pop/textures/anim_popfx0000_Sprite_1.uasset" 309
"D:/WORK/UE/Metamorphose/Content/_CHAR/_HEROES/FX_pop/textures/anim_popfx0002.uasset" 310
"D:/WORK/UE/Metamorphose/Content/_CHAR/_HEROES/FX_pop/textures/anim_popfx0000_Sprite_2.uasset" 311
"D:/WORK/UE/Metamorphose/Content/_CHAR/_HEROES/FX_pop/textures/anim_popfx0003.uasset" 312
"D:/WORK/UE/Metamorphose/Content/_CHAR/_HEROES/FX_pop/textures/anim_popfx0000_Sprite_3.uasset" 313
"D:/WORK/UE/Metamorphose/Content/_CHAR/_HEROES/FX_pop/textures/anim_popfx0004.uasset" 314
"D:/WORK/UE/Metamorphose/Content/_CHAR/_HEROES/FX_pop/textures/anim_popfx0000_Sprite_4.uasset" 315
"D:/WORK/UE/Metamorphose/Content/_CHAR/_HEROES/FX_pop/textures/anim_popfx0005.uasset" 316
"D:/WORK/UE/Metamorphose/Content/_CHAR/_HEROES/FX_pop/textures/anim_popfx0000_Sprite_5.uasset" 317
"D:/WORK/UE/Metamorphose/Content/_CHAR/_HEROES/FX_pop/textures/FX_Pop_flip.uasset" 318
"D:/WORK/UE/Metamorphose/Content/_CHAR/_HEROES/1_RABBIT/_old/1_Char_RABBIT.uasset" 319
"D:/WORK/UE/Metamorphose/Content/_CHAR/_HEROES/1_RABBIT/1_Char_RABBIT.uasset" 320
"../../../Engine/Content/BasicShapes/BasicShapeMaterial.uasset" 321
"../../../Engine/Content/EngineMaterials/DefaultMaterial.uasset" 322
"../../../Engine/Content/BasicShapes/Sphere.uasset" 323
"D:/WORK/UE/Metamorphose/Content/_BLUEPRINTS/Ball.uasset" 324
"D:/WORK/UE/Metamorphose/Content/_BLUEPRINTS/BP_CHAR_Main.uasset" 325
"D:/WORK/UE/Metamorphose/Content/_BLUEPRINTS/BLIZZARD/TestACTOR.uasset" 326
"D:/WORK/UE/Metamorphose/Content/_BLUEPRINTS/METEOR/target.uasset" 327
"D:/WORK/UE/Metamorphose/Content/_MATERIALS/MAT_MeteorDecal.uasset" 328
"D:/WORK/UE/Metamorphose/Content/_MATERIALS/MAT_MeteorZone.uasset" 329
"D:/WORK/UE/Metamorphose/Content/_BLUEPRINTS/METEOR/mPlane.uasset" 330
"D:/WORK/UE/Metamorphose/Content/_BLUEPRINTS/BP_MeteorTarget.uasset" 331
"D:/WORK/UE/Metamorphose/Content/_BLUEPRINTS/METEOR/CameraShake_Meteor.uasset" 332
"D:/WORK/UE/Metamorphose/Content/_MATERIALS/MAT_Meteor.uasset" 333
"D:/WORK/UE/Metamorphose/Content/_PARTICLES/Materials/M_Fire_SubUV.uasset" 334
"D:/WORK/UE/Metamorphose/Content/_PARTICLES/Materials/M_Heat_Distortion.uasset" 335
"D:/WORK/UE/Metamorphose/Content/_PARTICLES/Materials/M_Radial_Gradient.uasset" 336
"D:/WORK/UE/Metamorphose/Content/_PARTICLES/Materials/M_smoke_subUV.uasset" 337
"D:/WORK/UE/Metamorphose/Content/_PARTICLES/P_Meteor.uasset" 338
"D:/WORK/UE/Metamorphose/Content/_MAPS/T_Trail01.uasset" 339
"D:/WORK/UE/Metamorphose/Content/_MAPS/T_Trail02.uasset" 340
"D:/WORK/UE/Metamorphose/Content/_MATERIALS/MAT_Trail.uasset" 341
"D:/WORK/UE/Metamorphose/Content/_PARTICLES/P_Trail.uasset" 342
"D:/WORK/UE/Metamorphose/Content/_BLUEPRINTS/BP_Meteor.uasset" 343
"D:/WORK/UE/Metamorphose/Content/_BLUEPRINTS/BLIZZARD/ShakeCam_Blizzard.uasset" 344
"D:/WORK/UE/Metamorphose/Content/_BLUEPRINTS/BLIZZARD/testShaders/Trans.uasset" 345
"D:/WORK/UE/Metamorphose/Content/_BLUEPRINTS/BLIZZARD/testShaders/Trans_Inst.uasset" 346
"D:/WORK/UE/Metamorphose/Content/_BLUEPRINTS/BLIZZARD/Textures/weather_fx0000.uasset" 347
"D:/WORK/UE/Metamorphose/Content/_BLUEPRINTS/BLIZZARD/weather_fx0000_Sprite_0.uasset" 348
"D:/WORK/UE/Metamorphose/Content/_BLUEPRINTS/BLIZZARD/Textures/weather_fx0001.uasset" 349
"D:/WORK/UE/Metamorphose/Content/_BLUEPRINTS/BLIZZARD/weather_fx0000_Sprite_1.uasset" 350
"D:/WORK/UE/Metamorphose/Content/_BLUEPRINTS/BLIZZARD/Textures/weather_fx0002.uasset" 351
"D:/WORK/UE/Metamorphose/Content/_BLUEPRINTS/BLIZZARD/weather_fx0000_Sprite_2.uasset" 352
"D:/WORK/UE/Metamorphose/Content/_BLUEPRINTS/BLIZZARD/Textures/weather_fx0003.uasset" 353
"D:/WORK/UE/Metamorphose/Content/_BLUEPRINTS/BLIZZARD/weather_fx0000_Sprite_3.uasset" 354
"D:/WORK/UE/Metamorphose/Content/_BLUEPRINTS/BLIZZARD/Textures/weather_fx0004.uasset" 355
"D:/WORK/UE/Metamorphose/Content/_BLUEPRINTS/BLIZZARD/weather_fx0000_Sprite_4.uasset" 356
"D:/WORK/UE/Metamorphose/Content/_BLUEPRINTS/BLIZZARD/Textures/weather_fx0005.uasset" 357
"D:/WORK/UE/Metamorphose/Content/_BLUEPRINTS/BLIZZARD/weather_fx0000_Sprite_5.uasset" 358
"D:/WORK/UE/Metamorphose/Content/_BLUEPRINTS/BLIZZARD/FX_Blizzard_flip.uasset" 359
"D:/WORK/UE/Metamorphose/Content/_CAMERAS/CAM.uasset" 360
"D:/WORK/UE/Metamorphose/Content/_CHAR/_HEROES/3_PIG/exporc.uasset" 361
"D:/WORK/UE/Metamorphose/Content/_CHAR/_HEROES/3_PIG/run/exporc_Sprite_3.uasset" 362
"D:/WORK/UE/Metamorphose/Content/_CHAR/_HEROES/3_PIG/Flip_PIG_Idle.uasset" 363
"D:/WORK/UE/Metamorphose/Content/_CHAR/_HEROES/3_PIG/run/exporc_Sprite_0.uasset" 364
"D:/WORK/UE/Metamorphose/Content/_CHAR/_HEROES/3_PIG/run/exporc_Sprite_6.uasset" 365
"D:/WORK/UE/Metamorphose/Content/_CHAR/_HEROES/3_PIG/run/exporc_Sprite_7.uasset" 366
"D:/WORK/UE/Metamorphose/Content/_CHAR/_HEROES/3_PIG/Flip_PIG_Run.uasset" 367
"D:/WORK/UE/Metamorphose/Content/_CHAR/_HEROES/3_PIG/3_Pig.uasset" 368
"D:/WORK/UE/Metamorphose/Content/_BLUEPRINTS/BLIZZARD/BP_Blizzard.uasset" 369
"D:/WORK/UE/Metamorphose/Content/_BLUEPRINTS/BP_MeteorTracer.uasset" 370
"D:/WORK/UE/Metamorphose/Content/_BLUEPRINTS/InitPawn.uasset" 371
"../../../Engine/Content/Functions/Engine_MaterialFunctions01/Texturing/FlattenNormal.uasset" 372
"D:/WORK/UE/Metamorphose/Content/_MATERIALS/Water_Waves_Direction.uasset" 373
"D:/WORK/UE/Metamorphose/Content/_MATERIALS/Water_Waves_Direction_NM.uasset" 374
"D:/WORK/UE/Metamorphose/Content/_MAPS/T_Rock_Slate_N.uasset" 375
"D:/WORK/UE/Metamorphose/Content/_MAPS/T_Water_M.uasset" 376
"D:/WORK/UE/Metamorphose/Content/_MAPS/T_Water_N.uasset" 377
"D:/WORK/UE/Metamorphose/Content/_MATERIALS/MAT_Ocean.uasset" 378
"D:/WORK/UE/Metamorphose/Content/_BLUEPRINTS/VAGUE/lambert1.uasset" 379
"D:/WORK/UE/Metamorphose/Content/_BLUEPRINTS/VAGUE/VAGUE2.uasset" 380
"D:/WORK/UE/Metamorphose/Content/_BLUEPRINTS/VAGUE/BP_VAGUE.uasset" 381
"D:/WORK/UE/Metamorphose/Content/_HUDS/Countdown.uasset" 382
"D:/WORK/UE/Metamorphose/Content/_HUDS/SCORE/HUD_Blu_Wins.uasset" 383
"D:/WORK/UE/Metamorphose/Content/_HUDS/MENU/PAUSE_quit.uasset" 384
"D:/WORK/UE/Metamorphose/Content/_HUDS/MENU/PAUSE_restart.uasset" 385
"D:/WORK/UE/Metamorphose/Content/_HUDS/MENU/tuto_effet.uasset" 386
"D:/WORK/UE/Metamorphose/Content/_HUDS/SCORE/HUD_Equality.uasset" 387
"D:/WORK/UE/Metamorphose/Content/_HUDS/SCORE/HUD_RED_Wins.uasset" 388
"D:/WORK/UE/Metamorphose/Content/_BLUEPRINTS/BP_GameMode.uasset" 389
"D:/WORK/UE/Metamorphose/Content/_CHAR/_HEROES/1_RABBIT/1_Rabbit.uasset" 390
"D:/WORK/UE/Metamorphose/Content/_HUDS/MENU/patoune.uasset" 391
"D:/WORK/UE/Metamorphose/Content/_HUDS/MENU/LIFES.uasset" 392
"D:/WORK/UE/Metamorphose/Content/_HUDS/MENU/GAME_HUD.uasset" 393
"D:/WORK/UE/Metamorphose/Content/_HUDS/MENU/GAMEOVER.uasset" 394
"D:/WORK/UE/Metamorphose/Content/_HUDS/MENU/GAME_OVER.uasset" 395
"D:/WORK/UE/Metamorphose/Content/_HUDS/MENU/CREDITS_back.uasset" 396
"D:/WORK/UE/Metamorphose/Content/_HUDS/MENU/menubg.uasset" 397
"D:/WORK/UE/Metamorphose/Content/_HUDS/MENU/OPTIONS_MENU.uasset" 398
"D:/WORK/UE/Metamorphose/Content/_HUDS/MENU/PAUSE_options.uasset" 399
"D:/WORK/UE/Metamorphose/Content/_HUDS/MENU/PAUSE_resume.uasset" 400
"D:/WORK/UE/Metamorphose/Content/_HUDS/MENU/PAUSE_Title.uasset" 401
"D:/WORK/UE/Metamorphose/Content/_HUDS/MENU/PAUSE_MENU.uasset" 402
"D:/WORK/UE/Metamorphose/Content/_BLUEPRINTS/BP_PlayerController.uasset" 403
"D:/WORK/UE/Metamorphose/Content/_SETS/SM_Ocean.uasset" 404
"D:/WORK/UE/Metamorphose/Content/_BLUEPRINTS/OCEAN/BP_Ocean.uasset" 405
"D:/WORK/UE/Metamorphose/Content/_CHAR/_HEROES/2_BIRD/textures/standoisal.uasset" 406
"D:/WORK/UE/Metamorphose/Content/_CHAR/_HEROES/2_BIRD/textures/standoisal_Sprite_1.uasset" 407
"D:/WORK/UE/Metamorphose/Content/_CHAR/_HEROES/2_BIRD/BIRD_Idle_flip.uasset" 408
"D:/WORK/UE/Metamorphose/Content/_CHAR/_HEROES/2_BIRD/textures/exoiseau.uasset" 409
"D:/WORK/UE/Metamorphose/Content/_CHAR/_HEROES/2_BIRD/exoiseau.uasset" 410
"D:/WORK/UE/Metamorphose/Content/_CHAR/_HEROES/2_BIRD/run/exoiseau_Sprite_1.uasset" 411
"D:/WORK/UE/Metamorphose/Content/_CHAR/_HEROES/2_BIRD/run/exoiseau_Sprite_2.uasset" 412
"D:/WORK/UE/Metamorphose/Content/_CHAR/_HEROES/2_BIRD/run/exoiseau_Sprite_3.uasset" 413
"D:/WORK/UE/Metamorphose/Content/_CHAR/_HEROES/2_BIRD/run/exoiseau_Sprite_4.uasset" 414
"D:/WORK/UE/Metamorphose/Content/_CHAR/_HEROES/2_BIRD/BIRD_run_flip.uasset" 415
"D:/WORK/UE/Metamorphose/Content/_CHAR/_HEROES/2_BIRD/0_BASE_Bird.uasset" 416
"D:/WORK/UE/Metamorphose/Content/_CHAR/_HEROES/3_PIG/_old/3_Char_PIG.uasset" 417
"D:/WORK/UE/Metamorphose/Content/_BLUEPRINTS/BP_GameState.uasset" 418
"D:/WORK/UE/Metamorphose/Content/_BLUEPRINTS/METEOR/impact.uasset" 419
"D:/WORK/UE/Metamorphose/Content/_BLUEPRINTS/METEOR/impact_Sprite_0.uasset" 420
"D:/WORK/UE/Metamorphose/Content/_BLUEPRINTS/METEOR/impact_Sprite_1.uasset" 421
"D:/WORK/UE/Metamorphose/Content/_BLUEPRINTS/METEOR/impact_Sprite_2.uasset" 422
"D:/WORK/UE/Metamorphose/Content/_BLUEPRINTS/METEOR/impact_Sprite_3.uasset" 423
"D:/WORK/UE/Metamorphose/Content/_BLUEPRINTS/METEOR/impact_Sprite_4.uasset" 424
"D:/WORK/UE/Metamorphose/Content/_BLUEPRINTS/METEOR/impact_Sprite_5.uasset" 425
"D:/WORK/UE/Metamorphose/Content/_BLUEPRINTS/METEOR/Meteor_impact.uasset" 426
"D:/WORK/UE/Metamorphose/Content/_BLUEPRINTS/BP_MeteorExplosion.uasset" 427
"D:/WORK/UE/Metamorphose/Content/_BLUEPRINTS/BP_Explosion.uasset" 428
"D:/WORK/UE/Metamorphose/Content/_BLUEPRINTS/Spawner.uasset" 429
"D:/WORK/UE/Metamorphose/Content/_BLUEPRINTS/BLIZZARD/TransDeSesMortss.uasset" 430
"D:/WORK/UE/Metamorphose/Content/_BLUEPRINTS/METEOR/BP_MeteorExplosion.uasset" 431
"D:/WORK/UE/Metamorphose/Content/_BLUEPRINTS/METEOR/BP_Meteor.uasset" 432
"D:/WORK/UE/Metamorphose/Content/_BLUEPRINTS/METEOR/BP_MeteorTarget.uasset" 433
"D:/WORK/UE/Metamorphose/Content/_BLUEPRINTS/METEOR/BP_MeteorTracer.uasset" 434
"../../../Engine/Content/BasicShapes/Cube.uasset" 435
"D:/WORK/UE/Metamorphose/Content/_BLUEPRINTS/BLIZZARD/testEvents/Cube1.uasset" 436
"D:/WORK/UE/Metamorphose/Content/_BLUEPRINTS/testEvents/Cube1.uasset" 437
"D:/WORK/UE/Metamorphose/Content/_BLUEPRINTS/BLIZZARD/testEvents/Cubee2.uasset" 438
"D:/WORK/UE/Metamorphose/Content/_BLUEPRINTS/testEvents/Cubee2.uasset" 439
"D:/WORK/UE/Metamorphose/Content/_BLUEPRINTS/testEvents/Cubee1.uasset" 440
"D:/WORK/UE/Metamorphose/Content/_BLUEPRINTS/BLIZZARD/testEvents/Cubee3.uasset" 441
"D:/WORK/UE/Metamorphose/Content/_BLUEPRINTS/testEvents/Cubee3.uasset" 442
"D:/WORK/UE/Metamorphose/Content/_BLUEPRINTS/VAGUE/VagueTarget.uasset" 443
"D:/WORK/UE/Metamorphose/Content/_CHAR/_HEROES/1_RABBIT/3_Char_RABBIT.uasset" 444
"D:/WORK/UE/Metamorphose/Content/_CHAR/_HEROES/1_RABBIT/impact_Sprite_0.uasset" 445
"D:/WORK/UE/Metamorphose/Content/_CHAR/_HEROES/1_RABBIT/impact_Sprite_1.uasset" 446
"D:/WORK/UE/Metamorphose/Content/_CHAR/_HEROES/1_RABBIT/impact_Sprite_2.uasset" 447
"D:/WORK/UE/Metamorphose/Content/_CHAR/_HEROES/1_RABBIT/impact_Sprite_3.uasset" 448
"D:/WORK/UE/Metamorphose/Content/_CHAR/_HEROES/1_RABBIT/impact_Sprite_4.uasset" 449
"D:/WORK/UE/Metamorphose/Content/_CHAR/_HEROES/1_RABBIT/impact_Sprite_5.uasset" 450
"D:/WORK/UE/Metamorphose/Content/_CHAR/_HEROES/2_BIRD/2_Char_BIRD_2.uasset" 451
"D:/WORK/UE/Metamorphose/Content/_CHAR/_HEROES/2_BIRD/1_Char_BIRD_2.uasset" 452
"D:/WORK/UE/Metamorphose/Content/_CHAR/_HEROES/2_BIRD/2_Char_BIRD.uasset" 453
"D:/WORK/UE/Metamorphose/Content/_CHAR/_HEROES/2_BIRD/textures/exoiseau_jump.uasset" 454
"D:/WORK/UE/Metamorphose/Content/_CHAR/_HEROES/2_BIRD/exoiseau_jump.uasset" 455
"D:/WORK/UE/Metamorphose/Content/_CHAR/_HEROES/2_BIRD/jump/exoiseau_jump_Sprite_0.uasset" 456
"D:/WORK/UE/Metamorphose/Content/_CHAR/_HEROES/2_BIRD/BIRD_Falling_flip.uasset" 457
"D:/WORK/UE/Metamorphose/Content/_CHAR/_HEROES/2_BIRD/jump/BIRD_Falling_flip.uasset" 458
"D:/WORK/UE/Metamorphose/Content/_CHAR/_HEROES/2_BIRD/jump/BIRD_Jump_flip.uasset" 459
"D:/WORK/UE/Metamorphose/Content/_CHAR/_HEROES/2_BIRD/jump/exoiseau_jump_Sprite_2.uasset" 460
"D:/WORK/UE/Metamorphose/Content/_CHAR/_HEROES/2_BIRD/BIRD_Pressed_flip.uasset" 461
"D:/WORK/UE/Metamorphose/Content/_CHAR/_HEROES/2_BIRD/jump/BIRD_Pressed_flip.uasset" 462
"D:/WORK/UE/Metamorphose/Content/_CHAR/_HEROES/2_BIRD/jump/exoiseau_jump_Sprite_1.uasset" 463
"D:/WORK/UE/Metamorphose/Content/_CHAR/_HEROES/2_BIRD/BIRD_Released_flip.uasset" 464
"D:/WORK/UE/Metamorphose/Content/_CHAR/_HEROES/2_BIRD/jump/BIRD_Released_flip.uasset" 465
"D:/WORK/UE/Metamorphose/Content/_CHAR/_HEROES/2_BIRD/run/BIRD_Idle_flip.uasset" 466
"D:/WORK/UE/Metamorphose/Content/_CHAR/_HEROES/2_BIRD/run/BIRD_run_flip.uasset" 467
"D:/WORK/UE/Metamorphose/Content/_CHAR/_HEROES/3_PIG/3_Char_PIG.uasset" 468
"D:/WORK/UE/Metamorphose/Content/_CHAR/_HEROES/3_PIG/PIG_Idle_flip.uasset" 469
"D:/WORK/UE/Metamorphose/Content/_CHAR/_HEROES/3_PIG/PIG_Run_flip.uasset" 470
"D:/WORK/UE/Metamorphose/Content/_CHAR/_HEROES/FX_pop/anim_popfx0000.uasset" 471
"D:/WORK/UE/Metamorphose/Content/_CHAR/_HEROES/FX_pop/anim_popfx0001.uasset" 472
"D:/WORK/UE/Metamorphose/Content/_CHAR/_HEROES/FX_pop/anim_popfx0001_Sprite_0.uasset" 473
"D:/WORK/UE/Metamorphose/Content/_CHAR/_HEROES/FX_pop/anim_popfx0002.uasset" 474
"D:/WORK/UE/Metamorphose/Content/_CHAR/_HEROES/FX_pop/anim_popfx0002_Sprite_0.uasset" 475
"D:/WORK/UE/Metamorphose/Content/_CHAR/_HEROES/FX_pop/anim_popfx0003.uasset" 476
"D:/WORK/UE/Metamorphose/Content/_CHAR/_HEROES/FX_pop/anim_popfx0003_Sprite_0.uasset" 477
"D:/WORK/UE/Metamorphose/Content/_CHAR/_HEROES/FX_pop/textures/anim_popfx0001_Sprite_0.uasset" 478
"D:/WORK/UE/Metamorphose/Content/_CHAR/_HEROES/FX_pop/textures/anim_popfx0002_Sprite_0.uasset" 479
"D:/WORK/UE/Metamorphose/Content/_CHAR/_HEROES/FX_pop/textures/anim_popfx0003_Sprite_0.uasset" 480
"D:/WORK/UE/Metamorphose/Content/_HUDS/MENU/credits.uasset" 481
"D:/WORK/UE/Metamorphose/Content/_HUDS/MENU/CREDITS_Title.uasset" 482
"D:/WORK/UE/Metamorphose/Content/_HUDS/MENU/CREDITS_MENU.uasset" 483
"D:/WORK/UE/Metamorphose/Content/_HUDS/MENU/MAIN_credits.uasset" 484
"D:/WORK/UE/Metamorphose/Content/_HUDS/MENU/MAIN_options.uasset" 485
"D:/WORK/UE/Metamorphose/Content/_HUDS/MENU/MAIN_play.uasset" 486
"D:/WORK/UE/Metamorphose/Content/_HUDS/MENU/MAIN_quit.uasset" 487
"D:/WORK/UE/Metamorphose/Content/_HUDS/MENU/MAIN_scores.uasset" 488
"D:/WORK/UE/Metamorphose/Content/_HUDS/MENU/MAINT_Title.uasset" 489
"D:/WORK/UE/Metamorphose/Content/_HUDS/MENU/tuto.uasset" 490
"D:/WORK/UE/Metamorphose/Content/_HUDS/MENU/TUTO_MENU.uasset" 491
"D:/WORK/UE/Metamorphose/Content/_HUDS/MENU/under_construction.uasset" 492
"D:/WORK/UE/Metamorphose/Content/_HUDS/MENU/MAIN_MENU.uasset" 493
"D:/WORK/UE/Metamorphose/Content/_HUDS/MENU/HUD_Menu.uasset" 494
"D:/WORK/UE/Metamorphose/Content/_HUDS/MENU/ingame_pause.uasset" 495
"D:/WORK/UE/Metamorphose/Content/_HUDS/MENU/ingame_pause_survol.uasset" 496
"D:/WORK/UE/Metamorphose/Content/_HUDS/MENU/menuUI_normal.uasset" 497
"D:/WORK/UE/Metamorphose/Content/_HUDS/MENU/menuUI_survol.uasset" 498
"D:/WORK/UE/Metamorphose/Content/_HUDS/MENU/patouneOutline.uasset" 499
"D:/WORK/UE/Metamorphose/Content/_HUDS/MENU/ARE_YOU_SURE.uasset" 500
"D:/WORK/UE/Metamorphose/Content/_HUDS/MENU/SURE.uasset" 501
"D:/WORK/UE/Metamorphose/Content/_HUDS/MENU/TestBirds.uasset" 502
"D:/WORK/UE/Metamorphose/Content/_LEVELS/Character.uasset" 503
"D:/WORK/UE/Metamorphose/Content/_LEVELS/Lights_BuiltData.uasset" 504
"D:/WORK/UE/Metamorphose/Content/_MAPS/T_Detail_Rocky_N.uasset" 505
"D:/WORK/UE/Metamorphose/Content/_MAPS/T_Rock_Basalt_N.uasset" 506
"D:/WORK/UE/Metamorphose/Content/_MAPS/T_Trail03.uasset" 507
"D:/WORK/UE/Metamorphose/Content/_MATERIALS/MAT_fogTree.uasset" 508
"D:/WORK/UE/Metamorphose/Content/_old/Geometry/CubeMaterial.uasset" 509
"D:/WORK/UE/Metamorphose/Content/_old/Geometry/Ramp_Mesh.uasset" 510
"D:/WORK/UE/Metamorphose/Content/_old/Geometry/Meshes/CubeMaterial.uasset" 511
"D:/WORK/UE/Metamorphose/Content/_old/Geometry/Meshes/1M_Cube.uasset" 512
"D:/WORK/UE/Metamorphose/Content/_old/Geometry/Meshes/1M_Cube_Chamfer.uasset" 513
"D:/WORK/UE/Metamorphose/Content/_old/Geometry/Meshes/TemplateFloor.uasset" 514
"D:/WORK/UE/Metamorphose/Content/_old/Mannequin/Character/Mesh/UE4_Mannequin_Skeleton.uasset" 515
"D:/WORK/UE/Metamorphose/Content/_old/Mannequin/Animations/ThirdPersonJump_End.uasset" 516
"D:/WORK/UE/Metamorphose/Content/_old/Mannequin/Animations/ThirdPerson_Jump.uasset" 517
"D:/WORK/UE/Metamorphose/Content/_old/Mannequin/Animations/ThirdPersonJump_Loop.uasset" 518
"D:/WORK/UE/Metamorphose/Content/_old/Mannequin/Animations/ThirdPersonJump_Start.uasset" 519
"D:/WORK/UE/Metamorphose/Content/_old/Mannequin/Animations/ThirdPersonIdle.uasset" 520
"D:/WORK/UE/Metamorphose/Content/_old/Mannequin/Animations/ThirdPersonRun.uasset" 521
"D:/WORK/UE/Metamorphose/Content/_old/Mannequin/Animations/ThirdPersonWalk.uasset" 522
"D:/WORK/UE/Metamorphose/Content/_old/Mannequin/Animations/ThirdPerson_IdleRun_2D.uasset" 523
"D:/WORK/UE/Metamorphose/Content/_old/Mannequin/Animations/ThirdPerson_AnimBP.uasset" 524
"../../../Engine/Content/Functions/MaterialLayerFunctions/MatLayerBlend_NormalBlend.uasset" 525
"../../../Engine/Content/Functions/MaterialLayerFunctions/MatLayerBlend_Simple.uasset" 526
"D:/WORK/UE/Metamorphose/Content/_old/Mannequin/Character/Materials/MaterialLayers/T_ML_Rubber_Blue_01_D.uasset" 527
"D:/WORK/UE/Metamorphose/Content/_old/Mannequin/Character/Materials/MaterialLayers/T_ML_Rubber_Blue_01_N.uasset" 528
"D:/WORK/UE/Metamorphose/Content/_old/Mannequin/Character/Materials/MaterialLayers/ML_GlossyBlack_Latex_UE4.uasset" 529
"D:/WORK/UE/Metamorphose/Content/_old/Mannequin/Character/Materials/MaterialLayers/ML_Plastic_Shiny_Beige.uasset" 530
"D:/WORK/UE/Metamorphose/Content/_old/Mannequin/Character/Textures/UE4_LOGO_CARD.uasset" 531
"D:/WORK/UE/Metamorphose/Content/_old/Mannequin/Character/Materials/MaterialLayers/ML_Plastic_Shiny_Beige_LOGO.uasset" 532
"D:/WORK/UE/Metamorphose/Content/_old/Mannequin/Character/Materials/MaterialLayers/T_ML_Aluminum01.uasset" 533
"D:/WORK/UE/Metamorphose/Content/_old/Mannequin/Character/Materials/MaterialLayers/T_ML_Aluminum01_N.uasset" 534
"D:/WORK/UE/Metamorphose/Content/_old/Mannequin/Character/Materials/MaterialLayers/ML_SoftMetal_UE4.uasset" 535
"D:/WORK/UE/Metamorphose/Content/_old/Mannequin/Character/Textures/UE4_Mannequin__normals.uasset" 536
"D:/WORK/UE/Metamorphose/Content/_old/Mannequin/Character/Textures/UE4_Mannequin_MAT_MASKA.uasset" 537
"D:/WORK/UE/Metamorphose/Content/_old/Mannequin/Character/Materials/M_UE4Man_Body.uasset" 538
"D:/WORK/UE/Metamorphose/Content/_old/Mannequin/Character/Textures/UE4Man_Logo_N.uasset" 539
"D:/WORK/UE/Metamorphose/Content/_old/Mannequin/Character/Materials/M_UE4Man_ChestLogo.uasset" 540
"D:/WORK/UE/Metamorphose/Content/_old/Mannequin/Character/Mesh/SK_Mannequin_PhysicsAsset.uasset" 541
"D:/WORK/UE/Metamorphose/Content/_old/Mannequin/Character/Mesh/SK_Mannequin.uasset" 542
"D:/WORK/UE/Metamorphose/Content/_PARTICLES/Materials/M_Burst.uasset" 543
"D:/WORK/UE/Metamorphose/Content/_PARTICLES/Materials/M_Dust_Particle.uasset" 544
"D:/WORK/UE/Metamorphose/Content/_PARTICLES/Materials/M_explosion_subUV.uasset" 545
"D:/WORK/UE/Metamorphose/Content/_PARTICLES/Materials/m_flare_01.uasset" 546
"D:/WORK/UE/Metamorphose/Content/_PARTICLES/Materials/M_radial_ramp.uasset" 547
"D:/WORK/UE/Metamorphose/Content/_PARTICLES/Materials/M_Spark.uasset" 548
"../../../Engine/Content/Functions/Engine_MaterialFunctions01/Gradient/LinearGradient.uasset" 549
"../../../Engine/Content/Functions/Engine_MaterialFunctions01/ImageAdjustment/CheapContrast.uasset" 550
"../../../Engine/Content/Functions/Engine_MaterialFunctions02/HueShift.uasset" 551
"D:/WORK/UE/Metamorphose/Content/_SETS/bushes.uasset" 552
"D:/WORK/UE/Metamorphose/Content/_SETS/bushes/lambert1.uasset" 553
"D:/WORK/UE/Metamorphose/Content/_SETS/bushes/bushes_bushes1.uasset" 554
"D:/WORK/UE/Metamorphose/Content/_SETS/bush_foliage0.uasset" 555
"D:/WORK/UE/Metamorphose/Content/_SETS/foliage.uasset" 556
"D:/WORK/UE/Metamorphose/Content/_SETS/island.uasset" 557
"D:/WORK/UE/Metamorphose/Content/_SETS/Tree.uasset" 558
"../../../Engine/Content/Animation/DefaultAnimCurveCompressionSettings.uasset" 559
"../../../Engine/Content/ArtTools/RenderToTexture/Meshes/S_1_Unit_Plane.uasset" 560
"../../../Engine/Content/BasicShapes/Cone.uasset" 561
"../../../Engine/Content/BasicShapes/Cylinder.uasset" 562
"../../../Engine/Content/EditorLandscapeResources/DataLayer.uasset" 563
"../../../Engine/Content/EditorMaterials/GizmoMaterial.uasset" 564
"../../../Engine/Content/EditorMaterials/MAT_Groups_Toggle.uasset" 565
"../../../Engine/Content/EditorMaterials/MAT_Groups_Visibility.uasset" 566
"../../../Engine/Content/EditorMaterials/PreviewShadowIndicator.uasset" 567
"../../../Engine/Content/EditorMaterials/PreviewShadowIndicatorMaterial.uasset" 568
"../../../Engine/Content/EditorMaterials/MatineeGroups/MAT_ColorTrack.uasset" 569
"../../../Engine/Content/EditorMaterials/MatineeGroups/MAT_Groups_Anim.uasset" 570
"../../../Engine/Content/EditorMaterials/MatineeGroups/MAT_Groups_AudioMaster.uasset" 571
"../../../Engine/Content/EditorMaterials/MatineeGroups/MAT_Groups_Director.uasset" 572
"../../../Engine/Content/EditorMaterials/MatineeGroups/MAT_Groups_Event.uasset" 573
"../../../Engine/Content/EditorMaterials/MatineeGroups/MAT_Groups_Fade.uasset" 574
"../../../Engine/Content/EditorMaterials/MatineeGroups/MAT_Groups_Float.uasset" 575
"../../../Engine/Content/EditorMaterials/MatineeGroups/MAT_Groups_Move.uasset" 576
"../../../Engine/Content/EditorMaterials/MatineeGroups/MAT_Groups_Slomo.uasset" 577
"../../../Engine/Content/EditorMaterials/MatineeGroups/MAT_Groups_Sound.uasset" 578
"../../../Engine/Content/EditorMaterials/MatineeGroups/MAT_Groups_Vector.uasset" 579
"../../../Engine/Content/EditorMaterials/ParticleSystems/PSysThumbnail_NoImage.uasset" 580
"../../../Engine/Content/EditorMaterials/ParticleSystems/PSysThumbnail_OOD.uasset" 581
"../../../Engine/Content/EditorMaterials/Camera/CineMat.uasset" 582
"../../../Engine/Content/EditorMaterials/Camera/MI_CineMat_Rig.uasset" 583
"../../../Engine/Content/EditorMeshes/Camera/SM_CraneRig_Arm.uasset" 584
"../../../Engine/Content/EditorMeshes/Camera/SM_CraneRig_Base.uasset" 585
"../../../Engine/Content/EditorMeshes/Camera/SM_CraneRig_Body.uasset" 586
"../../../Engine/Content/EditorMeshes/Camera/SM_CraneRig_Mount.uasset" 587
"../../../Engine/Content/EditorMeshes/Camera/SM_RailRig_Mount.uasset" 588
"../../../Engine/Content/EditorMeshes/Camera/SM_RailRig_Track.uasset" 589
"../../../Engine/Content/EditorResources/BSPVertex.uasset" 590
"../../../Engine/Content/EditorResources/EmptyActor.uasset" 591
"../../../Engine/Content/EditorResources/S_Actor.uasset" 592
"../../../Engine/Content/EditorResources/S_Note.uasset" 593
"../../../Engine/Content/EditorResources/S_Trigger.uasset" 594
"../../../Engine/Content/EditorResources/AudioIcons/S_AudioComponent.uasset" 595
"../../../Engine/Content/EditorResources/AudioIcons/S_AudioComponent_AutoActivate.uasset" 596
"../../../Engine/Content/EditorResources/LightIcons/S_LightError.uasset" 597
"../../../Engine/Content/EditorResources/SequenceRecorder/Countdown.uasset" 598
"../../../Engine/Content/EditorResources/SequenceRecorder/RecordingIndicator.uasset" 599
"../../../Engine/Content/EditorSounds/Notifications/CompileFailed.uasset" 600
"../../../Engine/Content/EditorSounds/Notifications/CompileFailed_Cue.uasset" 601
"../../../Engine/Content/EditorSounds/Notifications/CompileSuccess.uasset" 602
"../../../Engine/Content/EditorSounds/Notifications/CompileStart_Cue.uasset" 603
"../../../Engine/Content/EditorSounds/Notifications/CompileSuccess_Cue.uasset" 604
"../../../Engine/Content/EngineDamageTypes/DmgTypeBP_Environmental.uasset" 605
"../../../Engine/Content/EngineDebugMaterials/HeatmapGradient.uasset" 606
"../../../Engine/Content/EngineDebugMaterials/BoneWeightMaterial.uasset" 607
"../../../Engine/Content/EngineDebugMaterials/ClothMaterial.uasset" 608
"../../../Engine/Content/EngineDebugMaterials/ClothMaterial_WF.uasset" 609
"../../../Engine/Content/EngineDebugMaterials/DebugEditorMaterial.uasset" 610
"../../../Engine/Content/EngineDebugMaterials/DebugMeshMaterial.uasset" 611
"../../../Engine/Content/EngineDebugMaterials/GeomMaterial.uasset" 612
"../../../Engine/Content/EngineDebugMaterials/M_SimpleTranslucent.uasset" 613
"../../../Engine/Content/EngineFonts/Faces/RobotoBold.uasset" 614
"../../../Engine/Content/EngineFonts/Faces/RobotoBoldItalic.uasset" 615
"../../../Engine/Content/EngineFonts/Faces/RobotoItalic.uasset" 616
"../../../Engine/Content/EngineFonts/Faces/RobotoLight.uasset" 617
"../../../Engine/Content/EngineFonts/Faces/RobotoRegular.uasset" 618
"../../../Engine/Content/EngineFonts/Roboto.uasset" 619
"../../../Engine/Content/EngineFonts/Faces/RobotoTiny.uasset" 620
"../../../Engine/Content/EngineFonts/RobotoTiny.uasset" 621
"../../../Engine/Content/EngineMaterials/BaseFlattenDiffuseMap.uasset" 622
"../../../Engine/Content/EngineMaterials/BaseFlattenEmissiveMap.uasset" 623
"../../../Engine/Content/EngineMaterials/BaseFlattenGrayscaleMap.uasset" 624
"../../../Engine/Content/EngineMaterials/BaseFlattenNormalMap.uasset" 625
"../../../Engine/Content/EngineMaterials/BaseFlattenMaterial.uasset" 626
"../../../Engine/Content/EngineMaterials/DefaultBloomKernel.uasset" 627
"../../../Engine/Content/EngineMaterials/DefaultBokeh.uasset" 628
"../../../Engine/Content/EngineMaterials/DefaultDiffuse.uasset" 629
"../../../Engine/Content/EngineMaterials/DefaultDeferredDecalMaterial.uasset" 630
"../../../Engine/Content/EngineMaterials/DefaultLightFunctionMaterial.uasset" 631
"../../../Engine/Content/EngineMaterials/DefaultPhysicalMaterial.uasset" 632
"../../../Engine/Content/Functions/Engine_MaterialFunctions02/Utility/BreakOutFloat2Components.uasset" 633
"../../../Engine/Content/EngineMaterials/DefaultPostProcessMaterial.uasset" 634
"../../../Engine/Content/EngineFonts/RobotoDistanceField.uasset" 635
"../../../Engine/Content/EngineMaterials/DefaultTextMaterialOpaque.uasset" 636
"../../../Engine/Content/EngineMaterials/DefaultWhiteGrid.uasset" 637
"../../../Engine/Content/EngineMaterials/EditorBrushMaterial.uasset" 638
"../../../Engine/Content/EngineMaterials/Good64x64TilingNoiseHighFreq.uasset" 639
"../../../Engine/Content/EngineMaterials/MiniFont.uasset" 640
"../../../Engine/Content/EngineMaterials/InvalidLightmapSettings.uasset" 641
"../../../Engine/Content/EngineMaterials/M_InvalidLightmapSettings.uasset" 642
"../../../Engine/Content/Functions/Engine_MaterialFunctions02/WorldPositionOffset/CameraOffset.uasset" 643
"../../../Engine/Content/EngineMaterials/PhAT_JointLimitMaterial.uasset" 644
"../../../Engine/Content/EngineMaterials/PreintegratedSkinBRDF.uasset" 645
"../../../Engine/Content/EngineMaterials/RemoveSurfaceMaterial.uasset" 646
"../../../Engine/Content/EngineMaterials/WeightMapPlaceholderTexture.uasset" 647
"../../../Engine/Content/EngineResources/WhiteSquareTexture.uasset" 648
"../../../Engine/Content/EngineMaterials/Widget3DPassThrough.uasset" 649
"../../../Engine/Content/EngineMaterials/Widget3DPassThrough_Masked.uasset" 650
"../../../Engine/Content/EngineMaterials/Widget3DPassThrough_Opaque.uasset" 651
"../../../Engine/Content/EngineMaterials/Widget3DPassThrough_Masked_OneSided.uasset" 652
"../../../Engine/Content/EngineMaterials/Widget3DPassThrough_Opaque_OneSided.uasset" 653
"../../../Engine/Content/EngineMaterials/Widget3DPassThrough_Translucent.uasset" 654
"../../../Engine/Content/EngineMaterials/Widget3DPassThrough_Translucent_OneSided.uasset" 655
"../../../Engine/Content/EngineMeshes/Cube.uasset" 656
"../../../Engine/Content/EngineMeshes/Cylinder.uasset" 657
"../../../Engine/Content/EngineMeshes/Sphere.uasset" 658
"../../../Engine/Content/EngineResources/Black.uasset" 659
"../../../Engine/Content/EngineResources/DefaultTexture.uasset" 660
"../../../Engine/Content/EngineResources/DefaultTextureCube.uasset" 661
"../../../Engine/Content/EngineResources/DefaultVolumeTexture2D.uasset" 662
"../../../Engine/Content/EngineResources/DefaultVolumeTexture.uasset" 663
"../../../Engine/Content/EngineResources/GradientTexture0.uasset" 664
"../../../Engine/Content/EngineSounds/Master.uasset" 665
"../../../Engine/Content/Functions/Engine_MaterialFunctions01/Shading/ConvertFromDiffSpec.uasset" 666
"../../../Engine/Content/Functions/Engine_MaterialFunctions01/Shading/PowerToRoughness.uasset" 667
"../../../Engine/Content/Maps/Templates/Thumbnails/Default.uasset" 668
"../../../Engine/Content/Maps/Templates/Thumbnails/VR-Basic.uasset" 669
"../../../Engine/Content/MobileResources/T_MobileControls_texture.uasset" 670
"../../../Engine/Content/MobileResources/T_MobileMenu2.uasset" 671
"../../../Engine/Content/MobileResources/HUD/AnalogHat.uasset" 672
"../../../Engine/Content/MobileResources/HUD/VirtualJoystick_Background.uasset" 673
"../../../Engine/Content/MobileResources/HUD/VirtualJoystick_Thumb.uasset" 674
"../../../Engine/Content/MobileResources/HUD/DefaultVirtualJoysticks.uasset" 675
"../../../Engine/Content/MobileResources/HUD/LeftVirtualJoystickOnly.uasset" 676
"../../../Engine/Content/MobileResources/HUD/MobileHUDButton1_off.uasset" 677
"../../../Engine/Content/MobileResources/HUD/MobileHUDButton1_on.uasset" 678
"../../../Engine/Content/MobileResources/HUD/MobileHUDButton2_off.uasset" 679
"../../../Engine/Content/MobileResources/HUD/MobileHUDButton2_on.uasset" 680
"../../../Engine/Content/MobileResources/HUD/MobileHUDButton3.uasset" 681
"../../../Engine/Content/MobileResources/HUD/MobileHUDButtonFire.uasset" 682
"../../../Engine/Content/MobileResources/HUD/MobileHUDDirectionPad.uasset" 683
"../../../Engine/Content/MobileResources/HUD/MobileHUDDirectionPad2.uasset" 684
"../../../Engine/Content/MobileResources/HUD/MobileHUDDirectionPad3.uasset" 685
"../../../Engine/Content/MobileResources/HUD/MobileHUDDirectionStick.uasset" 686
"../../../Engine/Content/MobileResources/HUD/T_Castle_ThumbstickInner.uasset" 687
"../../../Engine/Content/MobileResources/HUD/T_Castle_ThumbstickOutter.uasset" 688
"../../../Engine/Content/Tutorial/ContentIntroCurve.uasset" 689
"../../../Engine/Content/Tutorial/Basics/LevelEditorAttract.uasset" 690
"../../../Engine/Content/Tutorial/Basics/TutorialAssets/icon_tab_Levels_40x.uasset" 691
"../../../Engine/Content/Tutorial/Basics/LevelEditorOverview.uasset" 692
"../../../Engine/Content/Tutorial/Foliage/TutorialAssets/Foliage.uasset" 693
"../../../Engine/Content/Tutorial/Foliage/Foliage_Intro_Tutorial.uasset" 694
"../../../Engine/Content/Tutorial/Foliage/Foliage_Settings_Tutorial.uasset" 695
"../../../Engine/Content/Tutorial/Foliage/Foliage_Using_The_Tool_Tutorial.uasset" 696
"../../../Engine/Content/Tutorial/Installation/InstallingVisualStudioTutorial.uasset" 697
"../../../Engine/Content/Tutorial/SubEditors/MaterialEditorTutorial.uasset" 698
"../../../Engine/Content/Tutorial/SubEditors/StaticMeshEditorTutorial.uasset" 699
"../../../Engine/Content/Tutorial/SubEditors/TutorialAssets/TutorialMaterial.uasset" 700
"../../../Engine/Content/VREditor/LaserPointer/VR_LaserPower_01.uasset" 701
"../../../Engine/Content/VREditor/TransformGizmo/TransformGizmoMaterial.uasset" 702
"../../../Engine/Content/VREditor/TransformGizmo/TranslucentTransformGizmoMaterial.uasset" 703
"../../../Engine/Content/VREditor/TransformGizmo/BoundingBoxCorner.uasset" 704
"../../../Engine/Content/VREditor/TransformGizmo/BoundingBoxEdge.uasset" 705
"../../../Engine/Content/VREditor/TransformGizmo/PlaneTranslationHandle.uasset" 706
"../../../Engine/Content/VREditor/TransformGizmo/Main.uasset" 707
"../../../Engine/Content/VREditor/TransformGizmo/Xray.uasset" 708
"../../../Engine/Content/VREditor/TransformGizmo/SM_Sequencer_Key.uasset" 709
"../../../Engine/Content/VREditor/TransformGizmo/SM_Sequencer_Node.uasset" 710
"../../Plugins/2D/Paper2D/Content/DummySprite.uasset" 711
"../../Plugins/2D/Paper2D/Content/DefaultPaperTerrainMaterial.uasset" 712
"../../Plugins/2D/Paper2D/Content/MaskedUnlitSpriteMaterial.uasset" 713
"../../Plugins/2D/Paper2D/Content/OpaqueUnlitSpriteMaterial.uasset" 714
"../../Plugins/Runtime/Oculus/OculusVR/Content/OculusMR_RenderTarget.uasset" 715
"../../../Engine/Content/Functions/Engine_MaterialFunctions02/Utility/BreakOutFloat4Components.uasset" 716
"../../../Engine/Content/Functions/Engine_MaterialFunctions02/Utility/MakeFloat2.uasset" 717
"../../../Engine/Content/Functions/Engine_MaterialFunctions02/Utility/MakeFloat3.uasset" 718
"../../Plugins/Runtime/Oculus/OculusVR/Content/Materials/OculusMR_ChromaKey.uasset" 719
"../../Plugins/Runtime/Oculus/OculusVR/Content/Materials/OculusMR_ChromaKey_Lit.uasset" 720
"../../Plugins/Runtime/Oculus/OculusVR/Content/Materials/OculusMR_OpaqueColoredMaterial.uasset" 721
"../../Plugins/Runtime/Oculus/OculusVR/Content/Materials/OculusMR_WhiteMaterial.uasset" 722
"../../Plugins/Runtime/Oculus/OculusVR/Content/Materials/PokeAHoleMaterial.uasset" 723
"../../Plugins/Runtime/Oculus/OculusVR/Content/Textures/GearVRController_AO.uasset" 724
"../../Plugins/Runtime/Oculus/OculusVR/Content/Textures/GearVRController_Color.uasset" 725
"../../Plugins/Runtime/Oculus/OculusVR/Content/Textures/GearVRController_Normal.uasset" 726
"../../Plugins/Runtime/Oculus/OculusVR/Content/Materials/GearVRControllerMaterial.uasset" 727
"../../Plugins/Runtime/Oculus/OculusVR/Content/Meshes/GearVrController.uasset" 728
"../../Plugins/Runtime/Oculus/OculusVR/Content/Textures/touchController_albedo.uasset" 729
"../../Plugins/Runtime/Oculus/OculusVR/Content/Textures/touchController_controlmap.uasset" 730
"../../Plugins/Runtime/Oculus/OculusVR/Content/Materials/touchController_mat.uasset" 731
"../../Plugins/Runtime/Oculus/OculusVR/Content/Meshes/LeftTouchController.uasset" 732
"../../Plugins/Runtime/Oculus/OculusVR/Content/Meshes/RiftHMD.uasset" 733
"../../Plugins/Runtime/Oculus/OculusVR/Content/Meshes/RightTouchController.uasset" 734
"D:/WORK/UE/Metamorphose/Content/_SETS/skull/skull.uasset" 735
"D:/WORK/UE/Metamorphose/Content/_SETS/skull/lambert1.uasset" 736
"D:/WORK/UE/Metamorphose/Content/_SETS/skull/skull_bone1.uasset" 737
"D:/WORK/UE/Metamorphose/Content/_SETS/skull/skull_bone2.uasset" 738
"D:/WORK/UE/Metamorphose/Content/_SETS/skull/skull_bone3.uasset" 739
"D:/WORK/UE/Metamorphose/Content/_SETS/skull/skull_pCube76.uasset" 740
"D:/WORK/UE/Metamorphose/Content/_SETS/skull/skull_skull.uasset" 741
"D:/WORK/UE/Metamorphose/Content/_SETS/skull/skull_skull1.uasset" 742
"D:/WORK/UE/Metamorphose/Content/_SETS/skull/skull_skull2.uasset" 743
"D:/WORK/UE/Metamorphose/Content/_SETS/skull/skull_skull3.uasset" 744
"D:/WORK/UE/Metamorphose/Content/_SETS/skull/skull_skull4.uasset" 745
"D:/WORK/UE/Metamorphose/Content/_SETS/skull/skulls01.uasset" 746
"D:/WORK/UE/Metamorphose/Content/_SETS/leaf3.uasset" 747
"D:/WORK/UE/Metamorphose/Content/_SETS/trunk.uasset" 748
"D:/WORK/UE/Metamorphose/Content/_SETS/lambert1.uasset" 749
"D:/WORK/UE/Metamorphose/Content/_SETS/trees_arbreLeaf1.uasset" 750
"D:/WORK/UE/Metamorphose/Content/_SETS/trees_arbreTrunk1.uasset" 751
"D:/WORK/UE/Metamorphose/Content/_SETS/tree1.uasset" 752
"D:/WORK/UE/Metamorphose/Content/_SETS/leaf2.uasset" 753
"D:/WORK/UE/Metamorphose/Content/_SETS/trees_arbreLeaf2.uasset" 754
"D:/WORK/UE/Metamorphose/Content/_SETS/trees_arbreTrunk2.uasset" 755
"D:/WORK/UE/Metamorphose/Content/_SETS/tree2.uasset" 756
"D:/WORK/UE/Metamorphose/Content/_SETS/leaf.uasset" 757
"D:/WORK/UE/Metamorphose/Content/_SETS/trees_arbreLeaf3.uasset" 758
"D:/WORK/UE/Metamorphose/Content/_SETS/trees_arbreTrunk3.uasset" 759
"D:/WORK/UE/Metamorphose/Content/_SETS/tree3.uasset" 760
"D:/WORK/UE/Metamorphose/Content/_SETS/bushes/bushes_bushes.uasset" 761
"D:/WORK/UE/Metamorphose/Content/_SETS/bush_foliage1.uasset" 762
"D:/WORK/UE/Metamorphose/Content/_SETS/rocks/rock_rock1.uasset" 763
"D:/WORK/UE/Metamorphose/Content/_SETS/rocks/rock_rock1_FoliageType.uasset" 764
"D:/WORK/UE/Metamorphose/Content/_SETS/rocks/rock_rock2.uasset" 765
"D:/WORK/UE/Metamorphose/Content/_SETS/rocks/rock_rock2_FoliageType.uasset" 766
"D:/WORK/UE/Metamorphose/Content/_SETS/rocks/rock_rock4.uasset" 767
"D:/WORK/UE/Metamorphose/Content/_SETS/rocks/rock_rock4_FoliageType.uasset" 768
"D:/WORK/UE/Metamorphose/Content/_SETS/rocks/rock_rock5.uasset" 769
"D:/WORK/UE/Metamorphose/Content/_SETS/rocks/rock_rock5_FoliageType.uasset" 770
"D:/WORK/UE/Metamorphose/Content/_SETS/rocks/rock_rock6.uasset" 771
"D:/WORK/UE/Metamorphose/Content/_SETS/rocks/rock_rock6_FoliageType.uasset" 772
"D:/WORK/UE/Metamorphose/Content/_SETS/rocks/rock_rock7.uasset" 773
"D:/WORK/UE/Metamorphose/Content/_SETS/rocks/rock_rock7_FoliageType.uasset" 774
"D:/WORK/UE/Metamorphose/Content/Layout_BuiltData.uasset" 775
"D:/WORK/UE/Metamorphose/Content/_SETS/hill.uasset" 776
"D:/WORK/UE/Metamorphose/Content/_SETS/rune.uasset" 777
"D:/WORK/UE/Metamorphose/Content/_SETS/ScatterTest.uasset" 778
"D:/WORK/UE/Metamorphose/Content/_SETS/island_grass.uasset" 779
"D:/WORK/UE/Metamorphose/Content/_SETS/island_rock.uasset" 780
"D:/WORK/UE/Metamorphose/Content/_SETS/scatter.uasset" 781
"D:/WORK/UE/Metamorphose/Content/Layout.umap" 782
"D:/WORK/UE/Metamorphose/Content/_LEVELS/Audio_BuiltData.uasset" 783
"D:/WORK/UE/Metamorphose/Content/_LEVELS/Audio.umap" 784
"D:/WORK/UE/Metamorphose/Content/_LEVELS/Events_BuiltData.uasset" 785
"D:/WORK/UE/Metamorphose/Content/_LEVELS/Events.umap" 786
"D:/WORK/UE/Metamorphose/Content/_LEVELS/Gameplay_BuiltData.uasset" 787
"D:/WORK/UE/Metamorphose/Content/_LEVELS/Gameplay.umap" 788
"D:/WORK/UE/Metamorphose/Content/_SETS/skull/skull_bone.uasset" 789
"D:/WORK/UE/Metamorphose/Content/_SETS/skull/skulls02.uasset" 790
"D:/WORK/UE/Metamorphose/Content/_LEVELS/Layout_BuiltData.uasset" 791
"D:/WORK/UE/Metamorphose/Content/_SETS/rocks/rock_rock3.uasset" 792
"D:/WORK/UE/Metamorphose/Content/_LEVELS/Layout.umap" 793
"../../../Engine/Content/EngineSky/C_Sky_Cloud_Color.uasset" 794
"../../../Engine/Content/EngineSky/C_Sky_Horizon_Color.uasset" 795
"../../../Engine/Content/EngineSky/C_Sky_Zenith_Color.uasset" 796
"../../../Engine/Content/EngineSky/T_Sky_Blue.uasset" 797
"../../../Engine/Content/EngineSky/T_Sky_Clouds_M.uasset" 798
"../../../Engine/Content/EngineSky/T_Sky_Stars.uasset" 799
"../../../Engine/Content/EngineSky/M_Sky_Panning_Clouds2.uasset" 800
"../../../Engine/Content/EngineSky/SM_SkySphere.uasset" 801
"../../../Engine/Content/EngineSky/BP_Sky_Sphere.uasset" 802
"D:/WORK/UE/Metamorphose/Content/_LEVELS/Lighting_BuiltData.uasset" 803
"D:/WORK/UE/Metamorphose/Content/_LEVELS/Lighting.umap" 804
"../../../Engine/Content/Functions/Engine_MaterialFunctions02/SplitComponents.uasset" 805
"D:/WORK/UE/Metamorphose/Content/_FX/TX/TX_Cloud_RadientMask.uasset" 806
"D:/WORK/UE/Metamorphose/Content/_FX/TX/TX_Cloud_Tile.uasset" 807
"D:/WORK/UE/Metamorphose/Content/_FX/M/MAT_Plate_Fog.uasset" 808
"D:/WORK/UE/Metamorphose/Content/_FX/M/MAT_Plate_Fog_Inst.uasset" 809
"../../../Engine/Content/BasicShapes/Plane.uasset" 810
"D:/WORK/UE/Metamorphose/Content/_FX/FX_fog_Card.uasset" 811
"D:/WORK/UE/Metamorphose/Content/_LEVELS/LightingSim_BuiltData.uasset" 812
"D:/WORK/UE/Metamorphose/Content/_MAPS/T_matte.uasset" 813
"D:/WORK/UE/Metamorphose/Content/_MAPS/T_matte_Mat.uasset" 814
"D:/WORK/UE/Metamorphose/Content/_MATERIALS/MAT_fog.uasset" 815
"D:/WORK/UE/Metamorphose/Content/_MATERIALS/MAT_fog_inst.uasset" 816
"D:/WORK/UE/Metamorphose/Content/_PARTICLES/P_localFog.uasset" 817
"D:/WORK/UE/Metamorphose/Content/_LEVELS/LightingSim.umap" 818
"D:/WORK/UE/Metamorphose/Content/_LEVELS/MAIN_BuiltData.uasset" 819
"D:/WORK/UE/Metamorphose/Content/_LEVELS/MAIN.umap" 820
"D:/WORK/UE/Metamorphose/Content/_BLUEPRINTS/BP_Menu_PlayerController.uasset" 821
"D:/WORK/UE/Metamorphose/Content/_BLUEPRINTS/BP_Menu_GameMode.uasset" 822
"D:/WORK/UE/Metamorphose/Content/_LEVELS/MENU.umap" 823
"D:/WORK/UE/Metamorphose/Content/_BLUEPRINTS/BP_Ocean.uasset" 824
"D:/WORK/UE/Metamorphose/Content/_LEVELS/PROTO_Layout_BuiltData.uasset" 825
"D:/WORK/UE/Metamorphose/Content/_MATERIALS/MAT_basic.uasset" 826
"D:/WORK/UE/Metamorphose/Content/_LEVELS/PROTO_Layout.umap" 827
"../../../Engine/Content/EditorMeshes/ColorCalibrator/M_ChromeBall.uasset" 828
"../../../Engine/Content/EditorMeshes/ColorCalibrator/M_ClearCoat.uasset" 829
"../../../Engine/Content/EditorMeshes/ColorCalibrator/M_ClearCoatBlack.uasset" 830
"../../../Engine/Content/EditorMeshes/ColorCalibrator/Color_checker.uasset" 831
"../../../Engine/Content/EditorMeshes/ColorCalibrator/M_ColorGrid.uasset" 832
"../../../Engine/Content/EditorMeshes/ColorCalibrator/M_GreyBall.uasset" 833
"../../../Engine/Content/EditorMeshes/ColorCalibrator/SM_ColorCalibrator.uasset" 834
"D:/WORK/UE/Metamorphose/Content/_old/StarterContent/Maps/Advanced_Lighting.umap" 835
"D:/WORK/UE/Metamorphose/Content/_old/StarterContent/Maps/Minimal_Default.umap" 836
"../../../Engine/Content/Functions/Engine_MaterialFunctions03/Procedurals/ComputeFilterWidth.uasset" 837
"../../../Engine/Content/EngineMaterials/AntiAliasedTextMaterialTranslucent.uasset" 838
"D:/WORK/UE/Metamorphose/Content/_old/StarterContent/Maps/StarterMap.umap" 839
"../../../Engine/Content/Maps/Entry_BuiltData.uasset" 840
"../../../Engine/Content/Maps/Entry.umap" 841
